app/build/intermediates/manifest_merge_blame_file/release/manifest-merger-blame-release-report.txt
1<?xml version="1.0" encoding="utf-8"?>
2<manifest xmlns:android="http://schemas.android.com/apk/res/android"
3    package="edu.cuny.qc.cs.medication_management"
4    android:versionCode="1"
5    android:versionName="1.0" >
6
7    <uses-sdk
8        android:minSdkVersion="28"
8-->src/main/AndroidManifest.xml
9        android:targetSdkVersion="30" />
9-->src/main/AndroidManifest.xml
10
11    <uses-permission android:name="android.permission.INTERNET" />
11-->src/main/AndroidManifest.xml:5:5-67
11-->src/main/AndroidManifest.xml:5:22-64
12    <uses-permission android:name="android.permission.SET_ALARM" />
12-->src/main/AndroidManifest.xml:6:5-68
12-->src/main/AndroidManifest.xml:6:22-65
13    <uses-permission android:name="android.permission.SEND_SMS" />
13-->src/main/AndroidManifest.xml:7:5-67
13-->src/main/AndroidManifest.xml:7:22-64
14    <uses-permission android:name="android.permission.WRITE_CALENDAR" />
14-->src/main/AndroidManifest.xml:8:5-73
14-->src/main/AndroidManifest.xml:8:22-70
15    <uses-permission android:name="android.permission.READ_CALENDAR" />
15-->src/main/AndroidManifest.xml:9:5-72
15-->src/main/AndroidManifest.xml:9:22-69
16    <uses-permission android:name="android.permission.MANAGE_EXTERNAL_STORAGE" />
16-->src/main/AndroidManifest.xml:10:5-82
16-->src/main/AndroidManifest.xml:10:22-79
17    <uses-permission android:name="android.permission.MODIFY_AUDIO_SETTINGS" />
17-->src/main/AndroidManifest.xml:11:5-80
17-->src/main/AndroidManifest.xml:11:22-77
18    <uses-permission android:name="android.permission.USE_FULL_SCREEN_INTENT" />
18-->src/main/AndroidManifest.xml:12:5-81
18-->src/main/AndroidManifest.xml:12:22-78
19    <uses-permission android:name="android.permission.CHANGE_NETWORK_STATE" />
19-->src/main/AndroidManifest.xml:13:5-79
19-->src/main/AndroidManifest.xml:13:22-76
20    <uses-permission android:name="android.permission.ACCESS_NETWORK_STATE" />
20-->[com.google.firebase:firebase-auth:20.0.4] AndroidManifest.xml:24:5-79
20-->[com.google.firebase:firebase-auth:20.0.4] AndroidManifest.xml:24:22-76
21    <uses-permission android:name="android.permission.WAKE_LOCK" />
21-->[com.google.android.gms:play-services-measurement:18.0.3] AndroidManifest.xml:25:5-68
21-->[com.google.android.gms:play-services-measurement:18.0.3] AndroidManifest.xml:25:22-65
22    <uses-permission android:name="com.google.android.finsky.permission.BIND_GET_INSTALL_REFERRER_SERVICE" />
22-->[com.google.android.gms:play-services-measurement:18.0.3] AndroidManifest.xml:26:5-110
22-->[com.google.android.gms:play-services-measurement:18.0.3] AndroidManifest.xml:26:22-107
23
24    <application
24-->src/main/AndroidManifest.xml:15:5-45:19
25        android:allowBackup="true"
25-->src/main/AndroidManifest.xml:16:9-35
26        android:appComponentFactory="androidx.core.app.CoreComponentFactory"
26-->[androidx.core:core:1.3.1] AndroidManifest.xml:24:18-86
27        android:extractNativeLibs="false"
28        android:icon="@mipmap/ic_launcher"
28-->src/main/AndroidManifest.xml:17:9-43
29        android:label="@string/app_name"
29-->src/main/AndroidManifest.xml:18:9-41
30        android:roundIcon="@mipmap/ic_launcher_round"
30-->src/main/AndroidManifest.xml:19:9-54
31        android:supportsRtl="true"
31-->src/main/AndroidManifest.xml:20:9-35
32        android:theme="@style/Theme.MedicationManagement"
32-->src/main/AndroidManifest.xml:21:9-58
33        android:usesCleartextTraffic="true" >
33-->src/main/AndroidManifest.xml:22:9-44
34        <activity android:name="edu.cuny.qc.cs.medication_management.controllers.ReminderActivity" />
34-->src/main/AndroidManifest.xml:23:9-75
34-->src/main/AndroidManifest.xml:23:19-63
35        <activity
35-->src/main/AndroidManifest.xml:24:9-26:52
36            android:name="edu.cuny.qc.cs.medication_management.controllers.LoginCode"
36-->src/main/AndroidManifest.xml:25:13-50
37            android:screenOrientation="portrait" />
37-->src/main/AndroidManifest.xml:26:13-49
38        <activity
38-->src/main/AndroidManifest.xml:27:9-30:71
39            android:name="edu.cuny.qc.cs.medication_management.controllers.LoginActivity"
39-->src/main/AndroidManifest.xml:28:13-54
40            android:screenOrientation="portrait"
40-->src/main/AndroidManifest.xml:29:13-49
41            android:windowSoftInputMode="stateVisible|adjustResize" />
41-->src/main/AndroidManifest.xml:30:13-68
42        <activity
42-->src/main/AndroidManifest.xml:31:9-39:20
43            android:name="edu.cuny.qc.cs.medication_management.controllers.DashboardActivity"
43-->src/main/AndroidManifest.xml:32:13-58
44            android:screenOrientation="portrait" >
44-->src/main/AndroidManifest.xml:33:13-49
45            <intent-filter>
45-->src/main/AndroidManifest.xml:34:13-38:29
46                <action android:name="android.intent.action.MAIN" />
46-->src/main/AndroidManifest.xml:35:17-69
46-->src/main/AndroidManifest.xml:35:25-66
47
48                <category android:name="android.intent.category.LAUNCHER" />
48-->src/main/AndroidManifest.xml:37:17-77
48-->src/main/AndroidManifest.xml:37:27-74
49            </intent-filter>
50        </activity>
51        <activity
51-->src/main/AndroidManifest.xml:40:9-42:52
52            android:name="edu.cuny.qc.cs.medication_management.controllers.MedicationFormActivity"
52-->src/main/AndroidManifest.xml:41:13-63
53            android:screenOrientation="portrait" />
53-->src/main/AndroidManifest.xml:42:13-49
54
55        <receiver android:name="edu.cuny.qc.cs.medication_management.controllers.testReceiver" />
55-->src/main/AndroidManifest.xml:44:9-71
55-->src/main/AndroidManifest.xml:44:19-59
56
57        <activity
57-->[com.google.firebase:firebase-auth:20.0.4] AndroidManifest.xml:27:9-44:20
58            android:name="com.google.firebase.auth.internal.GenericIdpActivity"
58-->[com.google.firebase:firebase-auth:20.0.4] AndroidManifest.xml:28:13-80
59            android:excludeFromRecents="true"
59-->[com.google.firebase:firebase-auth:20.0.4] AndroidManifest.xml:29:13-46
60            android:exported="true"
60-->[com.google.firebase:firebase-auth:20.0.4] AndroidManifest.xml:30:13-36
61            android:launchMode="singleTask"
61-->[com.google.firebase:firebase-auth:20.0.4] AndroidManifest.xml:31:13-44
62            android:theme="@android:style/Theme.Translucent.NoTitleBar" >
62-->[com.google.firebase:firebase-auth:20.0.4] AndroidManifest.xml:32:13-72
63            <intent-filter>
63-->[com.google.firebase:firebase-auth:20.0.4] AndroidManifest.xml:33:13-43:29
64                <action android:name="android.intent.action.VIEW" />
64-->[com.google.firebase:firebase-auth:20.0.4] AndroidManifest.xml:34:17-69
64-->[com.google.firebase:firebase-auth:20.0.4] AndroidManifest.xml:34:25-66
65
66                <category android:name="android.intent.category.DEFAULT" />
66-->[com.google.firebase:firebase-auth:20.0.4] AndroidManifest.xml:36:17-76
66-->[com.google.firebase:firebase-auth:20.0.4] AndroidManifest.xml:36:27-73
67                <category android:name="android.intent.category.BROWSABLE" />
67-->[com.google.firebase:firebase-auth:20.0.4] AndroidManifest.xml:37:17-78
67-->[com.google.firebase:firebase-auth:20.0.4] AndroidManifest.xml:37:27-75
68
69                <data
69-->[com.google.firebase:firebase-auth:20.0.4] AndroidManifest.xml:39:17-42:51
70                    android:host="firebase.auth"
70-->[com.google.firebase:firebase-auth:20.0.4] AndroidManifest.xml:40:21-49
71                    android:path="/"
71-->[com.google.firebase:firebase-auth:20.0.4] AndroidManifest.xml:41:21-37
72                    android:scheme="genericidp" />
72-->[com.google.firebase:firebase-auth:20.0.4] AndroidManifest.xml:42:21-48
73            </intent-filter>
74        </activity>
75        <activity
75-->[com.google.firebase:firebase-auth:20.0.4] AndroidManifest.xml:45:9-62:20
76            android:name="com.google.firebase.auth.internal.RecaptchaActivity"
76-->[com.google.firebase:firebase-auth:20.0.4] AndroidManifest.xml:46:13-79
77            android:excludeFromRecents="true"
77-->[com.google.firebase:firebase-auth:20.0.4] AndroidManifest.xml:47:13-46
78            android:exported="true"
78-->[com.google.firebase:firebase-auth:20.0.4] AndroidManifest.xml:48:13-36
79            android:launchMode="singleTask"
79-->[com.google.firebase:firebase-auth:20.0.4] AndroidManifest.xml:49:13-44
80            android:theme="@android:style/Theme.Translucent.NoTitleBar" >
80-->[com.google.firebase:firebase-auth:20.0.4] AndroidManifest.xml:50:13-72
81            <intent-filter>
81-->[com.google.firebase:firebase-auth:20.0.4] AndroidManifest.xml:51:13-61:29
82                <action android:name="android.intent.action.VIEW" />
82-->[com.google.firebase:firebase-auth:20.0.4] AndroidManifest.xml:34:17-69
82-->[com.google.firebase:firebase-auth:20.0.4] AndroidManifest.xml:34:25-66
83
84                <category android:name="android.intent.category.DEFAULT" />
84-->[com.google.firebase:firebase-auth:20.0.4] AndroidManifest.xml:36:17-76
84-->[com.google.firebase:firebase-auth:20.0.4] AndroidManifest.xml:36:27-73
85                <category android:name="android.intent.category.BROWSABLE" />
85-->[com.google.firebase:firebase-auth:20.0.4] AndroidManifest.xml:37:17-78
85-->[com.google.firebase:firebase-auth:20.0.4] AndroidManifest.xml:37:27-75
86
87                <data
87-->[com.google.firebase:firebase-auth:20.0.4] AndroidManifest.xml:39:17-42:51
88                    android:host="firebase.auth"
88-->[com.google.firebase:firebase-auth:20.0.4] AndroidManifest.xml:40:21-49
89                    android:path="/"
89-->[com.google.firebase:firebase-auth:20.0.4] AndroidManifest.xml:41:21-37
90                    android:scheme="recaptcha" />
90-->[com.google.firebase:firebase-auth:20.0.4] AndroidManifest.xml:42:21-48
91            </intent-filter>
92        </activity>
93
94        <service
94-->[com.google.firebase:firebase-auth:20.0.4] AndroidManifest.xml:64:9-73:19
95            android:name="com.google.firebase.auth.api.fallback.service.FirebaseAuthFallbackService"
95-->[com.google.firebase:firebase-auth:20.0.4] AndroidManifest.xml:65:13-101
96            android:enabled="true"
96-->[com.google.firebase:firebase-auth:20.0.4] AndroidManifest.xml:66:13-35
97            android:exported="false" >
97-->[com.google.firebase:firebase-auth:20.0.4] AndroidManifest.xml:67:13-37
98            <intent-filter>
98-->[com.google.firebase:firebase-auth:20.0.4] AndroidManifest.xml:68:13-72:29
99                <action android:name="com.google.firebase.auth.api.gms.service.START" />
99-->[com.google.firebase:firebase-auth:20.0.4] AndroidManifest.xml:69:17-89
99-->[com.google.firebase:firebase-auth:20.0.4] AndroidManifest.xml:69:25-86
100
101                <category android:name="android.intent.category.DEFAULT" />
101-->[com.google.firebase:firebase-auth:20.0.4] AndroidManifest.xml:36:17-76
101-->[com.google.firebase:firebase-auth:20.0.4] AndroidManifest.xml:36:27-73
102            </intent-filter>
103        </service>
104        <service
104-->[com.google.firebase:firebase-auth:20.0.4] AndroidManifest.xml:74:9-80:19
105            android:name="com.google.firebase.components.ComponentDiscoveryService"
105-->[com.google.firebase:firebase-auth:20.0.4] AndroidManifest.xml:75:13-84
106            android:directBootAware="true"
106-->[com.google.firebase:firebase-common:19.5.0] AndroidManifest.xml:35:13-43
107            android:exported="false" >
107-->[com.google.firebase:firebase-auth:20.0.4] AndroidManifest.xml:76:13-37
108            <meta-data
108-->[com.google.firebase:firebase-auth:20.0.4] AndroidManifest.xml:77:13-79:85
109                android:name="com.google.firebase.components:com.google.firebase.auth.FirebaseAuthRegistrar"
109-->[com.google.firebase:firebase-auth:20.0.4] AndroidManifest.xml:78:17-109
110                android:value="com.google.firebase.components.ComponentRegistrar" />
110-->[com.google.firebase:firebase-auth:20.0.4] AndroidManifest.xml:79:17-82
111            <meta-data
111-->[com.google.android.gms:play-services-measurement-api:18.0.3] AndroidManifest.xml:30:13-32:85
112                android:name="com.google.firebase.components:com.google.firebase.analytics.connector.internal.AnalyticsConnectorRegistrar"
112-->[com.google.android.gms:play-services-measurement-api:18.0.3] AndroidManifest.xml:31:17-139
113                android:value="com.google.firebase.components.ComponentRegistrar" />
113-->[com.google.android.gms:play-services-measurement-api:18.0.3] AndroidManifest.xml:32:17-82
114            <meta-data
114-->[com.google.firebase:firebase-installations:16.3.5] AndroidManifest.xml:18:13-20:85
115                android:name="com.google.firebase.components:com.google.firebase.installations.FirebaseInstallationsRegistrar"
115-->[com.google.firebase:firebase-installations:16.3.5] AndroidManifest.xml:19:17-127
116                android:value="com.google.firebase.components.ComponentRegistrar" />
116-->[com.google.firebase:firebase-installations:16.3.5] AndroidManifest.xml:20:17-82
117            <!--
118                This registrar is not defined in the dynamic-module-support sdk itself to allow non-firebase
119                clients to use it as well, by defining this registrar in their own core/common library.
120            -->
121            <meta-data
121-->[com.google.firebase:firebase-common:19.5.0] AndroidManifest.xml:43:13-45:85
122                android:name="com.google.firebase.components:com.google.firebase.dynamicloading.DynamicLoadingRegistrar"
122-->[com.google.firebase:firebase-common:19.5.0] AndroidManifest.xml:44:17-121
123                android:value="com.google.firebase.components.ComponentRegistrar" />
123-->[com.google.firebase:firebase-common:19.5.0] AndroidManifest.xml:45:17-82
124        </service>
125
126        <receiver
126-->[com.google.android.gms:play-services-measurement:18.0.3] AndroidManifest.xml:29:9-33:20
127            android:name="com.google.android.gms.measurement.AppMeasurementReceiver"
127-->[com.google.android.gms:play-services-measurement:18.0.3] AndroidManifest.xml:30:13-85
128            android:enabled="true"
128-->[com.google.android.gms:play-services-measurement:18.0.3] AndroidManifest.xml:31:13-35
129            android:exported="false" >
129-->[com.google.android.gms:play-services-measurement:18.0.3] AndroidManifest.xml:32:13-37
130        </receiver>
131
132        <service
132-->[com.google.android.gms:play-services-measurement:18.0.3] AndroidManifest.xml:35:9-38:40
133            android:name="com.google.android.gms.measurement.AppMeasurementService"
133-->[com.google.android.gms:play-services-measurement:18.0.3] AndroidManifest.xml:36:13-84
134            android:enabled="true"
134-->[com.google.android.gms:play-services-measurement:18.0.3] AndroidManifest.xml:37:13-35
135            android:exported="false" />
135-->[com.google.android.gms:play-services-measurement:18.0.3] AndroidManifest.xml:38:13-37
136        <service
136-->[com.google.android.gms:play-services-measurement:18.0.3] AndroidManifest.xml:39:9-43:72
137            android:name="com.google.android.gms.measurement.AppMeasurementJobService"
137-->[com.google.android.gms:play-services-measurement:18.0.3] AndroidManifest.xml:40:13-87
138            android:enabled="true"
138-->[com.google.android.gms:play-services-measurement:18.0.3] AndroidManifest.xml:41:13-35
139            android:exported="false"
139-->[com.google.android.gms:play-services-measurement:18.0.3] AndroidManifest.xml:42:13-37
140            android:permission="android.permission.BIND_JOB_SERVICE" />
140-->[com.google.android.gms:play-services-measurement:18.0.3] AndroidManifest.xml:43:13-69
141
142        <activity
142-->[com.google.android.gms:play-services-base:17.1.0] AndroidManifest.xml:23:9-26:75
143            android:name="com.google.android.gms.common.api.GoogleApiActivity"
143-->[com.google.android.gms:play-services-base:17.1.0] AndroidManifest.xml:24:13-79
144            android:exported="false"
144-->[com.google.android.gms:play-services-base:17.1.0] AndroidManifest.xml:25:13-37
145            android:theme="@android:style/Theme.Translucent.NoTitleBar" />
145-->[com.google.android.gms:play-services-base:17.1.0] AndroidManifest.xml:26:13-72
146
147        <provider
147-->[com.google.firebase:firebase-common:19.5.0] AndroidManifest.xml:26:9-31:39
148            android:name="com.google.firebase.provider.FirebaseInitProvider"
148-->[com.google.firebase:firebase-common:19.5.0] AndroidManifest.xml:27:13-77
149            android:authorities="edu.cuny.qc.cs.medication_management.firebaseinitprovider"
149-->[com.google.firebase:firebase-common:19.5.0] AndroidManifest.xml:28:13-72
150            android:directBootAware="true"
150-->[com.google.firebase:firebase-common:19.5.0] AndroidManifest.xml:29:13-43
151            android:exported="false"
151-->[com.google.firebase:firebase-common:19.5.0] AndroidManifest.xml:30:13-37
152            android:initOrder="100" />
152-->[com.google.firebase:firebase-common:19.5.0] AndroidManifest.xml:31:13-36
153
154        <meta-data
154-->[com.google.android.gms:play-services-basement:17.1.0] AndroidManifest.xml:23:9-25:69
155            android:name="com.google.android.gms.version"
155-->[com.google.android.gms:play-services-basement:17.1.0] AndroidManifest.xml:24:13-58
156            android:value="@integer/google_play_services_version" />
156-->[com.google.android.gms:play-services-basement:17.1.0] AndroidManifest.xml:25:13-66
157
158        <activity
158-->[com.testfairy:testfairy-android-sdk:1.12.9] AndroidManifest.xml:20:9-23:63
159            android:name="com.testfairy.activities.ProvideFeedbackActivity"
159-->[com.testfairy:testfairy-android-sdk:1.12.9] AndroidManifest.xml:21:13-76
160            android:configChanges="orientation|screenSize"
160-->[com.testfairy:testfairy-android-sdk:1.12.9] AndroidManifest.xml:22:13-59
161            android:theme="@android:style/Theme.Holo.Light" />
161-->[com.testfairy:testfairy-android-sdk:1.12.9] AndroidManifest.xml:23:13-60
162    </application>
163
164</manifest>